\BOOKMARK [0][-]{section*.2}{Measurement of the Differential and Total Cross Sections of n -3muK0 Reaction within the resonance region}{}% 2
\BOOKMARK [1][-]{section*.1}{Abstract}{section*.2}% 1
\BOOKMARK [1][-]{section*.3}{Introduction}{section*.2}% 3
\BOOKMARK [1][-]{section*.4}{The Experiments}{section*.2}% 4
\BOOKMARK [2][-]{section*.5}{g10 Experiment}{section*.4}% 5
\BOOKMARK [2][-]{section*.6}{g13 Experiment}{section*.4}% 6
\BOOKMARK [1][-]{section*.7}{Data Analysis}{section*.2}% 7
\BOOKMARK [2][-]{section*.8}{Particle Identification}{section*.7}% 8
\BOOKMARK [2][-]{section*.9}{Event Selection}{section*.7}% 9
\BOOKMARK [2][-]{section*.10}{Yield Extraction}{section*.7}% 10
\BOOKMARK [2][-]{section*.11}{Background Subtraction}{section*.7}% 11
\BOOKMARK [2][-]{section*.12}{Five Track Background}{section*.7}% 12
\BOOKMARK [3][-]{section*.13}{n K00}{section*.12}% 13
\BOOKMARK [3][-]{section*.14}{n K* and n K0*}{section*.12}% 14
\BOOKMARK [2][-]{section*.15}{Four Track Background}{section*.7}% 15
\BOOKMARK [3][-]{section*.16}{n 0}{section*.15}% 16
\BOOKMARK [3][-]{section*.17}{n -+-p}{section*.15}% 17
\BOOKMARK [2][-]{section*.18}{Photon Flux}{section*.7}% 18
\BOOKMARK [2][-]{section*.19}{Monte Carlo Simulation}{section*.7}% 19
\BOOKMARK [3][-]{section*.20}{Event Generation}{section*.19}% 20
\BOOKMARK [3][-]{section*.21}{Event Processing}{section*.19}% 21
\BOOKMARK [2][-]{section*.22}{Uncertainties}{section*.7}% 22
\BOOKMARK [1][-]{section*.23}{Experimental Results}{section*.2}% 23
\BOOKMARK [2][-]{section*.24}{Model of the K0 Differential Cross Section}{section*.23}% 24
\BOOKMARK [2][-]{section*.25}{K0 Differential Cross Section}{section*.23}% 25
\BOOKMARK [2][-]{section*.26}{Total Cross Section}{section*.23}% 26
\BOOKMARK [1][-]{section*.27}{Conclusions}{section*.2}% 27
\BOOKMARK [1][-]{section*.28}{Table of Cross Sections}{section*.2}% 28
\BOOKMARK [1][-]{section*.29}{References}{section*.2}% 29
